<?xml version="1.0" encoding="UTF-8"?>
<!-- Generated by org.testng.reporters.JUnitReportReporter -->
<testsuite hostname="MSI" failures="0" tests="27" name="testgrade" time="0.045" errors="0" timestamp="2023-10-01T14:55:22 IDT" skipped="0">
  <testcase classname="testgrade" name="test1" time="0.001"/>
  <system-out/>
  <testcase classname="testgrade" name="test1" time="0.000"/>
  <system-out/>
  <testcase classname="testgrade" name="test1" time="0.000"/>
  <system-out/>
  <testcase classname="testgrade" name="test1" time="0.003"/>
  <system-out/>
  <testcase classname="testgrade" name="test1" time="0.001"/>
  <system-out/>
  <testcase classname="testgrade" name="test1" time="0.000"/>
  <system-out/>
  <testcase classname="testgrade" name="test1" time="0.000"/>
  <system-out/>
  <testcase classname="testgrade" name="test1" time="0.002"/>
  <system-out/>
  <testcase classname="testgrade" name="test1" time="0.001"/>
  <system-out/>
  <testcase classname="testgrade" name="test1" time="0.002"/>
  <system-out/>
  <testcase classname="testgrade" name="test1" time="0.001"/>
  <system-out/>
  <testcase classname="testgrade" name="test1" time="0.002"/>
  <system-out/>
  <testcase classname="testgrade" name="test1" time="0.001"/>
  <system-out/>
  <testcase classname="testgrade" name="test1" time="0.016"/>
  <system-out/>
  <testcase classname="testgrade" name="test1" time="0.001"/>
  <system-out/>
  <testcase classname="testgrade" name="test1" time="0.001"/>
  <system-out/>
  <testcase classname="testgrade" name="test1" time="0.001"/>
  <system-out/>
  <testcase classname="testgrade" name="test1" time="0.001"/>
  <system-out/>
  <testcase classname="testgrade" name="test1" time="0.002"/>
  <system-out/>
  <testcase classname="testgrade" name="test1" time="0.001"/>
  <system-out/>
  <testcase classname="testgrade" name="test1" time="0.001"/>
  <system-out/>
  <testcase classname="testgrade" name="test1" time="0.001"/>
  <system-out/>
  <testcase classname="testgrade" name="test1" time="0.001"/>
  <system-out/>
  <testcase classname="testgrade" name="test1" time="0.002"/>
  <system-out/>
  <testcase classname="testgrade" name="test1" time="0.000"/>
  <system-out/>
  <testcase classname="testgrade" name="test1" time="0.002"/>
  <system-out/>
  <testcase classname="testgrade" name="test1" time="0.001"/>
  <system-out/>
</testsuite> <!-- testgrade -->
