<?xml version="1.0" encoding="UTF-8"?>
<!-- Generated by org.testng.reporters.JUnitReportReporter -->
<testsuite hostname="MSI" failures="0" tests="5" name="testAnn" time="0.005" errors="0" timestamp="2023-10-03T14:16:17 IDT" skipped="0">
  <testcase classname="testAnn" name="testt555" time="0.001"/>
  <system-out/>
  <testcase classname="testAnn" name="test333" time="0.001"/>
  <system-out/>
  <testcase classname="testAnn" name="testt444" time="0.001"/>
  <system-out/>
  <testcase classname="testAnn" name="test222" time="0.001"/>
  <system-out/>
  <testcase classname="testAnn" name="test111" time="0.001"/>
  <system-out/>
</testsuite> <!-- testAnn -->
