<?xml version="1.0" encoding="UTF-8"?>
<!-- Generated by org.testng.reporters.JUnitReportReporter -->
<testsuite hostname="MSI" failures="0" tests="27" name="example" time="0.017" errors="0" timestamp="2023-10-01T12:34:11 IDT" skipped="0">
  <testcase classname="example" name="test1" time="0.000"/>
  <system-out/>
  <testcase classname="example" name="test1" time="0.001"/>
  <system-out/>
  <testcase classname="example" name="test1" time="0.000"/>
  <system-out/>
  <testcase classname="example" name="test1" time="0.000"/>
  <system-out/>
  <testcase classname="example" name="test1" time="0.000"/>
  <system-out/>
  <testcase classname="example" name="test1" time="0.008"/>
  <system-out/>
  <testcase classname="example" name="test1" time="0.001"/>
  <system-out/>
  <testcase classname="example" name="test1" time="0.000"/>
  <system-out/>
  <testcase classname="example" name="test1" time="0.000"/>
  <system-out/>
  <testcase classname="example" name="test1" time="0.001"/>
  <system-out/>
  <testcase classname="example" name="test1" time="0.001"/>
  <system-out/>
  <testcase classname="example" name="test1" time="0.000"/>
  <system-out/>
  <testcase classname="example" name="test1" time="0.000"/>
  <system-out/>
  <testcase classname="example" name="test1" time="0.000"/>
  <system-out/>
  <testcase classname="example" name="test1" time="0.000"/>
  <system-out/>
  <testcase classname="example" name="test1" time="0.001"/>
  <system-out/>
  <testcase classname="example" name="test1" time="0.001"/>
  <system-out/>
  <testcase classname="example" name="test1" time="0.001"/>
  <system-out/>
  <testcase classname="example" name="test1" time="0.000"/>
  <system-out/>
  <testcase classname="example" name="test1" time="0.001"/>
  <system-out/>
  <testcase classname="example" name="test1" time="0.000"/>
  <system-out/>
  <testcase classname="example" name="test1" time="0.000"/>
  <system-out/>
  <testcase classname="example" name="test1" time="0.001"/>
  <system-out/>
  <testcase classname="example" name="test1" time="0.000"/>
  <system-out/>
  <testcase classname="example" name="test1" time="0.000"/>
  <system-out/>
  <testcase classname="example" name="test1" time="0.000"/>
  <system-out/>
  <testcase classname="example" name="test1" time="0.000"/>
  <system-out/>
</testsuite> <!-- example -->
