<?xml version="1.0" encoding="UTF-8"?>
<!-- Generated by org.testng.reporters.JUnitReportReporter -->
<testsuite hostname="MSI" failures="0" tests="9" name="testCalculator" time="0.021" errors="0" timestamp="2023-10-03T14:16:17 IDT" skipped="0">
  <testcase classname="testCalculator" name="testvalid" time="0.001"/>
  <system-out/>
  <testcase classname="testCalculator" name="testvalid" time="0.011"/>
  <system-out/>
  <testcase classname="testCalculator" name="testvalid" time="0.001"/>
  <system-out/>
  <testcase classname="testCalculator" name="testvalid" time="0.001"/>
  <system-out/>
  <testcase classname="testCalculator" name="testvalid" time="0.000"/>
  <system-out/>
  <testcase classname="testCalculator" name="testvalid" time="0.001"/>
  <system-out/>
  <testcase classname="testCalculator" name="test222" time="0.001"/>
  <system-out/>
  <testcase classname="testCalculator" name="testinvalid" time="0.004"/>
  <system-out/>
  <testcase classname="testCalculator" name="test111" time="0.001"/>
  <system-out/>
</testsuite> <!-- testCalculator -->
