<?xml version="1.0" encoding="UTF-8"?>
<!-- Generated by org.testng.reporters.JUnitReportReporter -->
<testsuite hostname="MSI" failures="0" tests="29" name="testgrade" time="0.057" errors="0" timestamp="2023-10-03T14:16:17 IDT" skipped="0">
  <testcase classname="testgrade" name="test1" time="0.001"/>
  <system-out/>
  <testcase classname="testgrade" name="test1" time="0.001"/>
  <system-out/>
  <testcase classname="testgrade" name="test1" time="0.000"/>
  <system-out/>
  <testcase classname="testgrade" name="test1" time="0.001"/>
  <system-out/>
  <testcase classname="testgrade" name="test1" time="0.022"/>
  <system-out/>
  <testcase classname="testgrade" name="test1" time="0.001"/>
  <system-out/>
  <testcase classname="testgrade" name="test1" time="0.001"/>
  <system-out/>
  <testcase classname="testgrade" name="test1" time="0.001"/>
  <system-out/>
  <testcase classname="testgrade" name="test1" time="0.001"/>
  <system-out/>
  <testcase classname="testgrade" name="test1" time="0.001"/>
  <system-out/>
  <testcase classname="testgrade" name="test1" time="0.002"/>
  <system-out/>
  <testcase classname="testgrade" name="test1" time="0.001"/>
  <system-out/>
  <testcase classname="testgrade" name="test1" time="0.001"/>
  <system-out/>
  <testcase classname="testgrade" name="test1" time="0.001"/>
  <system-out/>
  <testcase classname="testgrade" name="test1" time="0.000"/>
  <system-out/>
  <testcase classname="testgrade" name="test1" time="0.002"/>
  <system-out/>
  <testcase classname="testgrade" name="test1" time="0.001"/>
  <system-out/>
  <testcase classname="testgrade" name="test1" time="0.001"/>
  <system-out/>
  <testcase classname="testgrade" name="test1" time="0.009"/>
  <system-out/>
  <testcase classname="testgrade" name="test1" time="0.000"/>
  <system-out/>
  <testcase classname="testgrade" name="test1" time="0.001"/>
  <system-out/>
  <testcase classname="testgrade" name="test1" time="0.000"/>
  <system-out/>
  <testcase classname="testgrade" name="test1" time="0.001"/>
  <system-out/>
  <testcase classname="testgrade" name="test1" time="0.002"/>
  <system-out/>
  <testcase classname="testgrade" name="test1" time="0.000"/>
  <system-out/>
  <testcase classname="testgrade" name="test1" time="0.001"/>
  <system-out/>
  <testcase classname="testgrade" name="test1" time="0.001"/>
  <system-out/>
  <testcase classname="testgrade" name="test222" time="0.002"/>
  <system-out/>
  <testcase classname="testgrade" name="test111" time="0.001"/>
  <system-out/>
</testsuite> <!-- testgrade -->
