<?xml version="1.0" encoding="UTF-8"?>
<!-- Generated by org.testng.reporters.JUnitReportReporter -->
<testsuite hostname="MSI" failures="0" tests="6" name="testCalculator" time="0.019" errors="0" timestamp="2023-10-01T14:55:22 IDT" skipped="0">
  <testcase classname="testCalculator" name="test1" time="0.000"/>
  <system-out/>
  <testcase classname="testCalculator" name="test1" time="0.001"/>
  <system-out/>
  <testcase classname="testCalculator" name="test1" time="0.001"/>
  <system-out/>
  <testcase classname="testCalculator" name="test1" time="0.000"/>
  <system-out/>
  <testcase classname="testCalculator" name="test1" time="0.007"/>
  <system-out/>
  <testcase classname="testCalculator" name="test1" time="0.010"/>
  <system-out/>
</testsuite> <!-- testCalculator -->
